mode: set
github.com/pierrec/lz4/v4/internal/lz4stream/block.go:21.58,22.14 1 1
github.com/pierrec/lz4/v4/internal/lz4stream/block.go:22.14,26.3 3 1
github.com/pierrec/lz4/v4/internal/lz4stream/block.go:27.2,28.26 2 1
github.com/pierrec/lz4/v4/internal/lz4stream/block.go:28.26,30.3 1 1
github.com/pierrec/lz4/v4/internal/lz4stream/block.go:32.2,32.12 1 1
github.com/pierrec/lz4/v4/internal/lz4stream/block.go:32.12,34.27 1 1
github.com/pierrec/lz4/v4/internal/lz4stream/block.go:34.27,40.20 2 1
github.com/pierrec/lz4/v4/internal/lz4stream/block.go:40.20,45.5 2 1
github.com/pierrec/lz4/v4/internal/lz4stream/block.go:47.4,47.20 1 0
github.com/pierrec/lz4/v4/internal/lz4stream/block.go:47.20,49.47 1 0
github.com/pierrec/lz4/v4/internal/lz4stream/block.go:49.47,53.6 1 0
github.com/pierrec/lz4/v4/internal/lz4stream/block.go:55.4,55.12 1 0
github.com/pierrec/lz4/v4/internal/lz4stream/block.go:60.49,61.14 1 1
github.com/pierrec/lz4/v4/internal/lz4stream/block.go:61.14,62.21 1 1
github.com/pierrec/lz4/v4/internal/lz4stream/block.go:62.21,64.4 1 1
github.com/pierrec/lz4/v4/internal/lz4stream/block.go:65.3,67.13 3 1
github.com/pierrec/lz4/v4/internal/lz4stream/block.go:69.2,69.21 1 1
github.com/pierrec/lz4/v4/internal/lz4stream/block.go:69.21,73.3 3 0
github.com/pierrec/lz4/v4/internal/lz4stream/block.go:74.2,80.12 7 1
github.com/pierrec/lz4/v4/internal/lz4stream/block.go:84.33,88.2 3 1
github.com/pierrec/lz4/v4/internal/lz4stream/block.go:95.79,97.14 2 1
github.com/pierrec/lz4/v4/internal/lz4stream/block.go:97.14,101.3 3 1
github.com/pierrec/lz4/v4/internal/lz4stream/block.go:102.2,111.12 5 1
github.com/pierrec/lz4/v4/internal/lz4stream/block.go:111.12,114.25 3 1
github.com/pierrec/lz4/v4/internal/lz4stream/block.go:114.25,117.18 3 1
github.com/pierrec/lz4/v4/internal/lz4stream/block.go:117.18,119.10 2 1
github.com/pierrec/lz4/v4/internal/lz4stream/block.go:122.4,122.25 1 1
github.com/pierrec/lz4/v4/internal/lz4stream/block.go:122.25,124.10 2 0
github.com/pierrec/lz4/v4/internal/lz4stream/block.go:126.4,128.14 3 1
github.com/pierrec/lz4/v4/internal/lz4stream/block.go:128.14,131.19 3 1
github.com/pierrec/lz4/v4/internal/lz4stream/block.go:131.19,135.6 2 0
github.com/pierrec/lz4/v4/internal/lz4stream/block.go:135.11,137.6 1 1
github.com/pierrec/lz4/v4/internal/lz4stream/block.go:141.3,145.34 5 1
github.com/pierrec/lz4/v4/internal/lz4stream/block.go:145.34,147.4 1 0
github.com/pierrec/lz4/v4/internal/lz4stream/block.go:148.3,149.14 2 1
github.com/pierrec/lz4/v4/internal/lz4stream/block.go:153.2,153.20 1 1
github.com/pierrec/lz4/v4/internal/lz4stream/block.go:153.20,156.25 3 1
github.com/pierrec/lz4/v4/internal/lz4stream/block.go:156.25,158.11 2 1
github.com/pierrec/lz4/v4/internal/lz4stream/block.go:158.11,162.13 2 0
github.com/pierrec/lz4/v4/internal/lz4stream/block.go:164.4,164.18 1 1
github.com/pierrec/lz4/v4/internal/lz4stream/block.go:164.18,168.5 2 1
github.com/pierrec/lz4/v4/internal/lz4stream/block.go:169.4,169.18 1 1
github.com/pierrec/lz4/v4/internal/lz4stream/block.go:169.18,171.13 1 0
github.com/pierrec/lz4/v4/internal/lz4stream/block.go:174.4,174.44 1 1
github.com/pierrec/lz4/v4/internal/lz4stream/block.go:174.44,176.5 1 1
github.com/pierrec/lz4/v4/internal/lz4stream/block.go:177.4,177.11 1 1
github.com/pierrec/lz4/v4/internal/lz4stream/block.go:177.11,179.5 1 0
github.com/pierrec/lz4/v4/internal/lz4stream/block.go:180.4,181.12 2 1
github.com/pierrec/lz4/v4/internal/lz4stream/block.go:184.2,184.18 1 1
github.com/pierrec/lz4/v4/internal/lz4stream/block.go:188.36,190.18 2 1
github.com/pierrec/lz4/v4/internal/lz4stream/block.go:190.18,192.3 1 1
github.com/pierrec/lz4/v4/internal/lz4stream/block.go:193.2,193.15 1 1
github.com/pierrec/lz4/v4/internal/lz4stream/block.go:196.50,199.2 2 1
github.com/pierrec/lz4/v4/internal/lz4stream/block.go:210.42,214.19 4 1
github.com/pierrec/lz4/v4/internal/lz4stream/block.go:214.19,220.3 4 1
github.com/pierrec/lz4/v4/internal/lz4stream/block.go:224.106,226.18 2 1
github.com/pierrec/lz4/v4/internal/lz4stream/block.go:226.18,228.3 1 1
github.com/pierrec/lz4/v4/internal/lz4stream/block.go:228.8,230.3 1 1
github.com/pierrec/lz4/v4/internal/lz4stream/block.go:231.2,232.15 2 1
github.com/pierrec/lz4/v4/internal/lz4stream/block.go:233.21,234.43 1 1
github.com/pierrec/lz4/v4/internal/lz4stream/block.go:235.10,236.52 1 0
github.com/pierrec/lz4/v4/internal/lz4stream/block.go:238.2,238.12 1 1
github.com/pierrec/lz4/v4/internal/lz4stream/block.go:238.12,241.3 2 1
github.com/pierrec/lz4/v4/internal/lz4stream/block.go:241.8,244.3 2 1
github.com/pierrec/lz4/v4/internal/lz4stream/block.go:245.2,248.40 3 1
github.com/pierrec/lz4/v4/internal/lz4stream/block.go:248.40,250.3 1 0
github.com/pierrec/lz4/v4/internal/lz4stream/block.go:251.2,251.10 1 1
github.com/pierrec/lz4/v4/internal/lz4stream/block.go:254.63,257.42 1 1
github.com/pierrec/lz4/v4/internal/lz4stream/block.go:257.42,259.3 1 1
github.com/pierrec/lz4/v4/internal/lz4stream/block.go:260.2,262.46 3 1
github.com/pierrec/lz4/v4/internal/lz4stream/block.go:262.46,264.3 1 0
github.com/pierrec/lz4/v4/internal/lz4stream/block.go:266.2,266.45 1 1
github.com/pierrec/lz4/v4/internal/lz4stream/block.go:266.45,268.3 1 0
github.com/pierrec/lz4/v4/internal/lz4stream/block.go:270.2,270.21 1 1
github.com/pierrec/lz4/v4/internal/lz4stream/block.go:270.21,272.3 1 1
github.com/pierrec/lz4/v4/internal/lz4stream/block.go:273.2,275.12 3 0
github.com/pierrec/lz4/v4/internal/lz4stream/block.go:279.84,281.16 2 1
github.com/pierrec/lz4/v4/internal/lz4stream/block.go:281.16,283.3 1 0
github.com/pierrec/lz4/v4/internal/lz4stream/block.go:284.2,284.18 1 1
github.com/pierrec/lz4/v4/internal/lz4stream/block.go:284.18,285.12 1 0
github.com/pierrec/lz4/v4/internal/lz4stream/block.go:286.25,288.30 1 0
github.com/pierrec/lz4/v4/internal/lz4stream/block.go:289.12,293.38 1 0
github.com/pierrec/lz4/v4/internal/lz4stream/block.go:295.8,295.19 1 1
github.com/pierrec/lz4/v4/internal/lz4stream/block.go:295.19,298.3 1 1
github.com/pierrec/lz4/v4/internal/lz4stream/block.go:299.2,302.24 3 1
github.com/pierrec/lz4/v4/internal/lz4stream/block.go:302.24,304.3 1 0
github.com/pierrec/lz4/v4/internal/lz4stream/block.go:305.2,306.52 2 1
github.com/pierrec/lz4/v4/internal/lz4stream/block.go:306.52,308.3 1 0
github.com/pierrec/lz4/v4/internal/lz4stream/block.go:309.2,309.40 1 1
github.com/pierrec/lz4/v4/internal/lz4stream/block.go:309.40,311.17 2 0
github.com/pierrec/lz4/v4/internal/lz4stream/block.go:311.17,313.4 1 0
github.com/pierrec/lz4/v4/internal/lz4stream/block.go:314.3,314.19 1 0
github.com/pierrec/lz4/v4/internal/lz4stream/block.go:316.2,316.15 1 1
github.com/pierrec/lz4/v4/internal/lz4stream/block.go:319.91,320.27 1 1
github.com/pierrec/lz4/v4/internal/lz4stream/block.go:320.27,323.3 2 1
github.com/pierrec/lz4/v4/internal/lz4stream/block.go:323.8,325.17 2 1
github.com/pierrec/lz4/v4/internal/lz4stream/block.go:325.17,327.4 1 0
github.com/pierrec/lz4/v4/internal/lz4stream/block.go:328.3,328.16 1 1
github.com/pierrec/lz4/v4/internal/lz4stream/block.go:330.2,330.40 1 1
github.com/pierrec/lz4/v4/internal/lz4stream/block.go:330.40,331.55 1 0
github.com/pierrec/lz4/v4/internal/lz4stream/block.go:331.55,334.4 2 0
github.com/pierrec/lz4/v4/internal/lz4stream/block.go:336.2,336.49 1 1
github.com/pierrec/lz4/v4/internal/lz4stream/block.go:336.49,338.3 1 1
github.com/pierrec/lz4/v4/internal/lz4stream/block.go:339.2,339.17 1 1
github.com/pierrec/lz4/v4/internal/lz4stream/block.go:342.63,343.52 1 1
github.com/pierrec/lz4/v4/internal/lz4stream/block.go:343.52,345.3 1 0
github.com/pierrec/lz4/v4/internal/lz4stream/block.go:346.2,347.8 2 1
github.com/pierrec/lz4/v4/internal/lz4stream/frame.go:22.24,24.2 1 1
github.com/pierrec/lz4/v4/internal/lz4stream/frame.go:37.32,43.2 5 1
github.com/pierrec/lz4/v4/internal/lz4stream/frame.go:45.60,46.12 1 1
github.com/pierrec/lz4/v4/internal/lz4stream/frame.go:46.12,50.3 3 1
github.com/pierrec/lz4/v4/internal/lz4stream/frame.go:50.8,53.3 2 1
github.com/pierrec/lz4/v4/internal/lz4stream/frame.go:54.2,55.20 2 1
github.com/pierrec/lz4/v4/internal/lz4stream/frame.go:58.54,59.47 1 1
github.com/pierrec/lz4/v4/internal/lz4stream/frame.go:59.47,61.3 1 0
github.com/pierrec/lz4/v4/internal/lz4stream/frame.go:62.2,62.18 1 1
github.com/pierrec/lz4/v4/internal/lz4stream/frame.go:62.18,64.3 1 1
github.com/pierrec/lz4/v4/internal/lz4stream/frame.go:65.2,68.42 3 1
github.com/pierrec/lz4/v4/internal/lz4stream/frame.go:68.42,70.3 1 1
github.com/pierrec/lz4/v4/internal/lz4stream/frame.go:71.2,72.12 2 1
github.com/pierrec/lz4/v4/internal/lz4stream/frame.go:75.33,77.2 1 1
github.com/pierrec/lz4/v4/internal/lz4stream/frame.go:79.51,80.17 1 1
github.com/pierrec/lz4/v4/internal/lz4stream/frame.go:80.17,83.3 1 1
github.com/pierrec/lz4/v4/internal/lz4stream/frame.go:86.2,87.50 2 1
github.com/pierrec/lz4/v4/internal/lz4stream/frame.go:87.50,89.3 1 0
github.com/pierrec/lz4/v4/internal/lz4stream/frame.go:90.2,90.23 1 1
github.com/pierrec/lz4/v4/internal/lz4stream/frame.go:91.48,91.48 0 1
github.com/pierrec/lz4/v4/internal/lz4stream/frame.go:93.33,95.17 2 0
github.com/pierrec/lz4/v4/internal/lz4stream/frame.go:95.17,97.4 1 0
github.com/pierrec/lz4/v4/internal/lz4stream/frame.go:98.3,98.67 1 0
github.com/pierrec/lz4/v4/internal/lz4stream/frame.go:98.67,100.4 1 0
github.com/pierrec/lz4/v4/internal/lz4stream/frame.go:101.3,101.16 1 0
github.com/pierrec/lz4/v4/internal/lz4stream/frame.go:102.10,103.35 1 1
github.com/pierrec/lz4/v4/internal/lz4stream/frame.go:105.2,105.51 1 1
github.com/pierrec/lz4/v4/internal/lz4stream/frame.go:105.51,107.3 1 0
github.com/pierrec/lz4/v4/internal/lz4stream/frame.go:108.2,109.12 2 1
github.com/pierrec/lz4/v4/internal/lz4stream/frame.go:112.68,114.2 1 1
github.com/pierrec/lz4/v4/internal/lz4stream/frame.go:116.51,117.18 1 1
github.com/pierrec/lz4/v4/internal/lz4stream/frame.go:117.18,119.3 1 0
github.com/pierrec/lz4/v4/internal/lz4stream/frame.go:120.2,120.43 1 1
github.com/pierrec/lz4/v4/internal/lz4stream/frame.go:120.43,122.3 1 0
github.com/pierrec/lz4/v4/internal/lz4stream/frame.go:123.2,123.53 1 1
github.com/pierrec/lz4/v4/internal/lz4stream/frame.go:123.53,125.3 1 0
github.com/pierrec/lz4/v4/internal/lz4stream/frame.go:126.2,126.46 1 1
github.com/pierrec/lz4/v4/internal/lz4stream/frame.go:126.46,128.3 1 0
github.com/pierrec/lz4/v4/internal/lz4stream/frame.go:129.2,129.12 1 1
github.com/pierrec/lz4/v4/internal/lz4stream/frame.go:138.36,141.2 2 1
github.com/pierrec/lz4/v4/internal/lz4stream/frame.go:143.65,144.21 1 1
github.com/pierrec/lz4/v4/internal/lz4stream/frame.go:144.21,147.3 1 0
github.com/pierrec/lz4/v4/internal/lz4stream/frame.go:149.2,152.19 3 1
github.com/pierrec/lz4/v4/internal/lz4stream/frame.go:152.19,156.22 3 1
github.com/pierrec/lz4/v4/internal/lz4stream/frame.go:156.22,159.4 2 0
github.com/pierrec/lz4/v4/internal/lz4stream/frame.go:160.3,161.33 2 1
github.com/pierrec/lz4/v4/internal/lz4stream/frame.go:164.2,165.12 2 1
github.com/pierrec/lz4/v4/internal/lz4stream/frame.go:168.65,169.18 1 1
github.com/pierrec/lz4/v4/internal/lz4stream/frame.go:169.18,173.3 3 0
github.com/pierrec/lz4/v4/internal/lz4stream/frame.go:175.2,176.49 2 1
github.com/pierrec/lz4/v4/internal/lz4stream/frame.go:176.49,178.3 1 0
github.com/pierrec/lz4/v4/internal/lz4stream/frame.go:179.2,181.21 3 1
github.com/pierrec/lz4/v4/internal/lz4stream/frame.go:181.21,184.54 2 0
github.com/pierrec/lz4/v4/internal/lz4stream/frame.go:184.54,186.4 1 0
github.com/pierrec/lz4/v4/internal/lz4stream/frame.go:187.3,187.55 1 0
github.com/pierrec/lz4/v4/internal/lz4stream/frame.go:189.2,191.52 3 1
github.com/pierrec/lz4/v4/internal/lz4stream/frame.go:191.52,193.3 1 0
github.com/pierrec/lz4/v4/internal/lz4stream/frame.go:195.2,195.54 1 1
github.com/pierrec/lz4/v4/internal/lz4stream/frame.go:195.54,197.3 1 0
github.com/pierrec/lz4/v4/internal/lz4stream/frame.go:198.2,198.12 1 1
github.com/pierrec/lz4/v4/internal/lz4stream/frame.go:201.42,203.2 1 1
github.com/pierrec/lz4/v4/internal/lz4stream/frame_gen.go:22.51,22.73 1 1
github.com/pierrec/lz4/v4/internal/lz4stream/frame_gen.go:23.51,23.73 1 1
github.com/pierrec/lz4/v4/internal/lz4stream/frame_gen.go:24.51,24.73 1 1
github.com/pierrec/lz4/v4/internal/lz4stream/frame_gen.go:25.51,25.73 1 0
github.com/pierrec/lz4/v4/internal/lz4stream/frame_gen.go:26.51,26.82 1 0
github.com/pierrec/lz4/v4/internal/lz4stream/frame_gen.go:27.67,29.2 1 1
github.com/pierrec/lz4/v4/internal/lz4stream/frame_gen.go:32.71,34.7 2 1
github.com/pierrec/lz4/v4/internal/lz4stream/frame_gen.go:34.7,36.3 1 1
github.com/pierrec/lz4/v4/internal/lz4stream/frame_gen.go:36.8,38.3 1 1
github.com/pierrec/lz4/v4/internal/lz4stream/frame_gen.go:39.2,39.10 1 1
github.com/pierrec/lz4/v4/internal/lz4stream/frame_gen.go:41.60,43.7 2 0
github.com/pierrec/lz4/v4/internal/lz4stream/frame_gen.go:43.7,45.3 1 0
github.com/pierrec/lz4/v4/internal/lz4stream/frame_gen.go:45.8,47.3 1 0
github.com/pierrec/lz4/v4/internal/lz4stream/frame_gen.go:48.2,48.10 1 0
github.com/pierrec/lz4/v4/internal/lz4stream/frame_gen.go:50.69,52.7 2 0
github.com/pierrec/lz4/v4/internal/lz4stream/frame_gen.go:52.7,54.3 1 0
github.com/pierrec/lz4/v4/internal/lz4stream/frame_gen.go:54.8,56.3 1 0
github.com/pierrec/lz4/v4/internal/lz4stream/frame_gen.go:57.2,57.10 1 0
github.com/pierrec/lz4/v4/internal/lz4stream/frame_gen.go:59.73,61.7 2 1
github.com/pierrec/lz4/v4/internal/lz4stream/frame_gen.go:61.7,63.3 1 1
github.com/pierrec/lz4/v4/internal/lz4stream/frame_gen.go:63.8,65.3 1 0
github.com/pierrec/lz4/v4/internal/lz4stream/frame_gen.go:66.2,66.10 1 1
github.com/pierrec/lz4/v4/internal/lz4stream/frame_gen.go:68.65,71.2 2 1
github.com/pierrec/lz4/v4/internal/lz4stream/frame_gen.go:72.89,75.2 2 1
github.com/pierrec/lz4/v4/internal/lz4stream/frame_gen.go:87.44,87.74 1 1
github.com/pierrec/lz4/v4/internal/lz4stream/frame_gen.go:88.44,88.67 1 1
github.com/pierrec/lz4/v4/internal/lz4stream/frame_gen.go:91.55,94.2 2 1
github.com/pierrec/lz4/v4/internal/lz4stream/frame_gen.go:95.64,97.7 2 1
github.com/pierrec/lz4/v4/internal/lz4stream/frame_gen.go:97.7,99.3 1 1
github.com/pierrec/lz4/v4/internal/lz4stream/frame_gen.go:99.8,101.3 1 1
github.com/pierrec/lz4/v4/internal/lz4stream/frame_gen.go:102.2,102.10 1 1
