mode: set
github.com/pierrec/lz4/v4/internal/xxh32/xxh32zero.go:31.41,34.2 2 1
github.com/pierrec/lz4/v4/internal/xxh32/xxh32zero.go:37.29,44.2 6 1
github.com/pierrec/lz4/v4/internal/xxh32/xxh32zero.go:47.32,49.2 1 1
github.com/pierrec/lz4/v4/internal/xxh32/xxh32zero.go:52.37,54.2 1 1
github.com/pierrec/lz4/v4/internal/xxh32/xxh32zero.go:58.54,59.23 1 1
github.com/pierrec/lz4/v4/internal/xxh32/xxh32zero.go:59.23,61.3 1 1
github.com/pierrec/lz4/v4/internal/xxh32/xxh32zero.go:62.2,68.11 5 1
github.com/pierrec/lz4/v4/internal/xxh32/xxh32zero.go:68.11,72.3 3 1
github.com/pierrec/lz4/v4/internal/xxh32/xxh32zero.go:74.2,75.12 2 1
github.com/pierrec/lz4/v4/internal/xxh32/xxh32zero.go:75.12,81.3 4 1
github.com/pierrec/lz4/v4/internal/xxh32/xxh32zero.go:82.2,85.15 3 1
github.com/pierrec/lz4/v4/internal/xxh32/xxh32zero.go:90.58,94.16 2 1
github.com/pierrec/lz4/v4/internal/xxh32/xxh32zero.go:94.16,99.3 4 1
github.com/pierrec/lz4/v4/internal/xxh32/xxh32zero.go:101.2,101.45 1 1
github.com/pierrec/lz4/v4/internal/xxh32/xxh32zero.go:101.45,107.3 5 1
github.com/pierrec/lz4/v4/internal/xxh32/xxh32zero.go:108.2,108.41 1 1
github.com/pierrec/lz4/v4/internal/xxh32/xxh32zero.go:112.36,114.15 2 1
github.com/pierrec/lz4/v4/internal/xxh32/xxh32zero.go:114.15,116.3 1 1
github.com/pierrec/lz4/v4/internal/xxh32/xxh32zero.go:116.8,118.3 1 1
github.com/pierrec/lz4/v4/internal/xxh32/xxh32zero.go:120.2,123.33 4 1
github.com/pierrec/lz4/v4/internal/xxh32/xxh32zero.go:123.33,126.3 2 1
github.com/pierrec/lz4/v4/internal/xxh32/xxh32zero.go:127.2,127.19 1 1
github.com/pierrec/lz4/v4/internal/xxh32/xxh32zero.go:127.19,130.3 2 1
github.com/pierrec/lz4/v4/internal/xxh32/xxh32zero.go:132.2,138.12 6 1
github.com/pierrec/lz4/v4/internal/xxh32/xxh32zero.go:142.42,146.12 3 1
github.com/pierrec/lz4/v4/internal/xxh32/xxh32zero.go:146.12,148.3 1 1
github.com/pierrec/lz4/v4/internal/xxh32/xxh32zero.go:148.8,154.36 6 1
github.com/pierrec/lz4/v4/internal/xxh32/xxh32zero.go:154.36,160.4 5 1
github.com/pierrec/lz4/v4/internal/xxh32/xxh32zero.go:161.3,163.53 3 1
github.com/pierrec/lz4/v4/internal/xxh32/xxh32zero.go:166.2,167.33 2 1
github.com/pierrec/lz4/v4/internal/xxh32/xxh32zero.go:167.33,170.3 2 1
github.com/pierrec/lz4/v4/internal/xxh32/xxh32zero.go:171.2,171.12 1 1
github.com/pierrec/lz4/v4/internal/xxh32/xxh32zero.go:171.12,175.3 3 1
github.com/pierrec/lz4/v4/internal/xxh32/xxh32zero.go:177.2,183.12 6 1
github.com/pierrec/lz4/v4/internal/xxh32/xxh32zero.go:186.28,188.2 1 1
github.com/pierrec/lz4/v4/internal/xxh32/xxh32zero.go:190.28,192.2 1 1
github.com/pierrec/lz4/v4/internal/xxh32/xxh32zero.go:194.29,196.2 1 1
github.com/pierrec/lz4/v4/internal/xxh32/xxh32zero.go:198.29,200.2 1 1
github.com/pierrec/lz4/v4/internal/xxh32/xxh32zero.go:202.29,204.2 1 1
github.com/pierrec/lz4/v4/internal/xxh32/xxh32zero.go:206.29,208.2 1 1
github.com/pierrec/lz4/v4/internal/xxh32/xxh32zero.go:210.29,212.2 1 1
github.com/pierrec/lz4/v4/internal/xxh32/xxh32zero_other.go:6.40,6.72 1 1
github.com/pierrec/lz4/v4/internal/xxh32/xxh32zero_other.go:8.56,10.2 1 1
github.com/pierrec/lz4/v4/internal/lz4block/block.go:28.29,29.43 1 1
github.com/pierrec/lz4/v4/internal/lz4block/block.go:29.43,31.3 1 1
github.com/pierrec/lz4/v4/internal/lz4block/block.go:35.33,38.2 2 1
github.com/pierrec/lz4/v4/internal/lz4block/block.go:40.36,42.2 1 1
github.com/pierrec/lz4/v4/internal/lz4block/block.go:44.58,45.19 1 1
github.com/pierrec/lz4/v4/internal/lz4block/block.go:45.19,47.3 1 0
github.com/pierrec/lz4/v4/internal/lz4block/block.go:48.2,48.48 1 1
github.com/pierrec/lz4/v4/internal/lz4block/block.go:48.48,50.3 1 1
github.com/pierrec/lz4/v4/internal/lz4block/block.go:51.2,51.49 1 0
github.com/pierrec/lz4/v4/internal/lz4block/block.go:74.48,77.36 3 1
github.com/pierrec/lz4/v4/internal/lz4block/block.go:77.36,79.3 1 1
github.com/pierrec/lz4/v4/internal/lz4block/block.go:80.2,81.13 2 1
github.com/pierrec/lz4/v4/internal/lz4block/block.go:81.13,84.3 1 1
github.com/pierrec/lz4/v4/internal/lz4block/block.go:85.2,85.10 1 1
github.com/pierrec/lz4/v4/internal/lz4block/block.go:88.44,92.2 3 1
github.com/pierrec/lz4/v4/internal/lz4block/block.go:94.30,94.65 1 1
github.com/pierrec/lz4/v4/internal/lz4block/block.go:96.56,96.82 1 1
github.com/pierrec/lz4/v4/internal/lz4block/block.go:98.50,103.2 4 1
github.com/pierrec/lz4/v4/internal/lz4block/block.go:105.66,121.13 6 1
github.com/pierrec/lz4/v4/internal/lz4block/block.go:121.13,122.20 1 0
github.com/pierrec/lz4/v4/internal/lz4block/block.go:126.2,126.14 1 1
github.com/pierrec/lz4/v4/internal/lz4block/block.go:126.14,141.97 9 1
github.com/pierrec/lz4/v4/internal/lz4block/block.go:141.97,151.102 5 1
github.com/pierrec/lz4/v4/internal/lz4block/block.go:151.102,157.104 4 1
github.com/pierrec/lz4/v4/internal/lz4block/block.go:157.104,160.14 2 1
github.com/pierrec/lz4/v4/internal/lz4block/block.go:166.3,172.55 4 1
github.com/pierrec/lz4/v4/internal/lz4block/block.go:172.55,177.4 4 1
github.com/pierrec/lz4/v4/internal/lz4block/block.go:181.3,184.18 2 1
github.com/pierrec/lz4/v4/internal/lz4block/block.go:184.18,186.14 2 1
github.com/pierrec/lz4/v4/internal/lz4block/block.go:186.14,188.5 1 1
github.com/pierrec/lz4/v4/internal/lz4block/block.go:188.10,191.10 2 1
github.com/pierrec/lz4/v4/internal/lz4block/block.go:195.3,196.21 2 1
github.com/pierrec/lz4/v4/internal/lz4block/block.go:196.21,198.4 1 1
github.com/pierrec/lz4/v4/internal/lz4block/block.go:199.3,199.17 1 1
github.com/pierrec/lz4/v4/internal/lz4block/block.go:199.17,201.4 1 1
github.com/pierrec/lz4/v4/internal/lz4block/block.go:201.9,203.4 1 1
github.com/pierrec/lz4/v4/internal/lz4block/block.go:206.3,206.17 1 1
github.com/pierrec/lz4/v4/internal/lz4block/block.go:206.17,208.4 1 1
github.com/pierrec/lz4/v4/internal/lz4block/block.go:208.9,212.48 4 1
github.com/pierrec/lz4/v4/internal/lz4block/block.go:212.48,215.5 2 1
github.com/pierrec/lz4/v4/internal/lz4block/block.go:216.4,216.22 1 1
github.com/pierrec/lz4/v4/internal/lz4block/block.go:216.22,218.5 1 1
github.com/pierrec/lz4/v4/internal/lz4block/block.go:219.4,219.21 1 1
github.com/pierrec/lz4/v4/internal/lz4block/block.go:221.3,224.25 2 1
github.com/pierrec/lz4/v4/internal/lz4block/block.go:224.25,226.4 1 1
github.com/pierrec/lz4/v4/internal/lz4block/block.go:227.3,232.20 4 1
github.com/pierrec/lz4/v4/internal/lz4block/block.go:232.20,234.4 1 0
github.com/pierrec/lz4/v4/internal/lz4block/block.go:235.3,238.18 2 1
github.com/pierrec/lz4/v4/internal/lz4block/block.go:238.18,239.65 1 1
github.com/pierrec/lz4/v4/internal/lz4block/block.go:239.65,242.5 2 1
github.com/pierrec/lz4/v4/internal/lz4block/block.go:243.4,243.22 1 1
github.com/pierrec/lz4/v4/internal/lz4block/block.go:243.22,245.5 1 0
github.com/pierrec/lz4/v4/internal/lz4block/block.go:246.4,247.8 2 1
github.com/pierrec/lz4/v4/internal/lz4block/block.go:250.3,250.15 1 1
github.com/pierrec/lz4/v4/internal/lz4block/block.go:250.15,251.9 1 1
github.com/pierrec/lz4/v4/internal/lz4block/block.go:254.3,255.17 2 1
github.com/pierrec/lz4/v4/internal/lz4block/block.go:259.2,259.38 1 1
github.com/pierrec/lz4/v4/internal/lz4block/block.go:259.38,262.3 1 0
github.com/pierrec/lz4/v4/internal/lz4block/block.go:265.2,265.20 1 1
github.com/pierrec/lz4/v4/internal/lz4block/block.go:265.20,267.3 1 0
github.com/pierrec/lz4/v4/internal/lz4block/block.go:268.2,269.16 2 1
github.com/pierrec/lz4/v4/internal/lz4block/block.go:269.16,271.3 1 1
github.com/pierrec/lz4/v4/internal/lz4block/block.go:271.8,274.64 3 1
github.com/pierrec/lz4/v4/internal/lz4block/block.go:274.64,277.4 2 1
github.com/pierrec/lz4/v4/internal/lz4block/block.go:278.3,278.21 1 1
github.com/pierrec/lz4/v4/internal/lz4block/block.go:278.21,280.4 1 0
github.com/pierrec/lz4/v4/internal/lz4block/block.go:281.3,281.23 1 1
github.com/pierrec/lz4/v4/internal/lz4block/block.go:283.2,286.39 2 1
github.com/pierrec/lz4/v4/internal/lz4block/block.go:286.39,289.3 1 0
github.com/pierrec/lz4/v4/internal/lz4block/block.go:290.2,290.35 1 1
github.com/pierrec/lz4/v4/internal/lz4block/block.go:290.35,292.3 1 0
github.com/pierrec/lz4/v4/internal/lz4block/block.go:293.2,294.16 2 1
github.com/pierrec/lz4/v4/internal/lz4block/block.go:298.35,301.2 2 1
github.com/pierrec/lz4/v4/internal/lz4block/block.go:310.58,310.86 1 1
github.com/pierrec/lz4/v4/internal/lz4block/block.go:312.76,317.2 4 1
github.com/pierrec/lz4/v4/internal/lz4block/block.go:319.98,320.18 1 1
github.com/pierrec/lz4/v4/internal/lz4block/block.go:320.18,324.3 2 1
github.com/pierrec/lz4/v4/internal/lz4block/block.go:325.2,339.13 7 1
github.com/pierrec/lz4/v4/internal/lz4block/block.go:339.13,340.20 1 0
github.com/pierrec/lz4/v4/internal/lz4block/block.go:343.2,343.16 1 1
github.com/pierrec/lz4/v4/internal/lz4block/block.go:343.16,345.3 1 0
github.com/pierrec/lz4/v4/internal/lz4block/block.go:347.2,347.14 1 1
github.com/pierrec/lz4/v4/internal/lz4block/block.go:347.14,355.131 5 1
github.com/pierrec/lz4/v4/internal/lz4block/block.go:355.131,358.38 1 1
github.com/pierrec/lz4/v4/internal/lz4block/block.go:358.38,359.13 1 1
github.com/pierrec/lz4/v4/internal/lz4block/block.go:361.4,363.19 2 1
github.com/pierrec/lz4/v4/internal/lz4block/block.go:363.19,365.15 2 1
github.com/pierrec/lz4/v4/internal/lz4block/block.go:365.15,367.6 1 1
github.com/pierrec/lz4/v4/internal/lz4block/block.go:367.11,370.11 2 1
github.com/pierrec/lz4/v4/internal/lz4block/block.go:373.4,373.35 1 1
github.com/pierrec/lz4/v4/internal/lz4block/block.go:373.35,375.13 1 1
github.com/pierrec/lz4/v4/internal/lz4block/block.go:378.4,379.22 2 1
github.com/pierrec/lz4/v4/internal/lz4block/block.go:382.3,386.16 3 1
github.com/pierrec/lz4/v4/internal/lz4block/block.go:386.16,388.12 2 1
github.com/pierrec/lz4/v4/internal/lz4block/block.go:394.3,395.47 2 1
github.com/pierrec/lz4/v4/internal/lz4block/block.go:395.47,397.4 1 0
github.com/pierrec/lz4/v4/internal/lz4block/block.go:398.3,398.45 1 1
github.com/pierrec/lz4/v4/internal/lz4block/block.go:398.45,405.4 6 1
github.com/pierrec/lz4/v4/internal/lz4block/block.go:407.3,411.17 4 1
github.com/pierrec/lz4/v4/internal/lz4block/block.go:411.17,413.4 1 1
github.com/pierrec/lz4/v4/internal/lz4block/block.go:413.9,415.4 1 1
github.com/pierrec/lz4/v4/internal/lz4block/block.go:418.3,418.17 1 1
github.com/pierrec/lz4/v4/internal/lz4block/block.go:418.17,420.4 1 1
github.com/pierrec/lz4/v4/internal/lz4block/block.go:420.9,424.31 4 1
github.com/pierrec/lz4/v4/internal/lz4block/block.go:424.31,427.5 2 1
github.com/pierrec/lz4/v4/internal/lz4block/block.go:428.4,428.21 1 1
github.com/pierrec/lz4/v4/internal/lz4block/block.go:430.3,442.18 7 1
github.com/pierrec/lz4/v4/internal/lz4block/block.go:442.18,443.48 1 1
github.com/pierrec/lz4/v4/internal/lz4block/block.go:443.48,446.5 2 1
github.com/pierrec/lz4/v4/internal/lz4block/block.go:447.4,448.8 2 1
github.com/pierrec/lz4/v4/internal/lz4block/block.go:452.2,452.38 1 1
github.com/pierrec/lz4/v4/internal/lz4block/block.go:452.38,455.3 1 0
github.com/pierrec/lz4/v4/internal/lz4block/block.go:459.2,460.16 2 1
github.com/pierrec/lz4/v4/internal/lz4block/block.go:460.16,462.3 1 1
github.com/pierrec/lz4/v4/internal/lz4block/block.go:462.8,466.36 4 1
github.com/pierrec/lz4/v4/internal/lz4block/block.go:466.36,469.4 2 1
github.com/pierrec/lz4/v4/internal/lz4block/block.go:470.3,470.23 1 1
github.com/pierrec/lz4/v4/internal/lz4block/block.go:472.2,475.39 2 1
github.com/pierrec/lz4/v4/internal/lz4block/block.go:475.39,478.3 1 0
github.com/pierrec/lz4/v4/internal/lz4block/block.go:479.2,480.16 2 1
github.com/pierrec/lz4/v4/internal/lz4block/blocks.go:18.52,18.81 1 1
github.com/pierrec/lz4/v4/internal/lz4block/blocks.go:19.52,19.82 1 1
github.com/pierrec/lz4/v4/internal/lz4block/blocks.go:20.52,20.80 1 1
github.com/pierrec/lz4/v4/internal/lz4block/blocks.go:21.52,21.80 1 1
github.com/pierrec/lz4/v4/internal/lz4block/blocks.go:22.52,22.80 1 1
github.com/pierrec/lz4/v4/internal/lz4block/blocks.go:25.37,26.11 1 1
github.com/pierrec/lz4/v4/internal/lz4block/blocks.go:27.17,28.11 1 1
github.com/pierrec/lz4/v4/internal/lz4block/blocks.go:29.18,30.11 1 1
github.com/pierrec/lz4/v4/internal/lz4block/blocks.go:31.16,32.11 1 1
github.com/pierrec/lz4/v4/internal/lz4block/blocks.go:33.16,34.11 1 1
github.com/pierrec/lz4/v4/internal/lz4block/blocks.go:35.16,36.11 1 1
github.com/pierrec/lz4/v4/internal/lz4block/blocks.go:38.2,38.10 1 1
github.com/pierrec/lz4/v4/internal/lz4block/blocks.go:41.29,43.2 1 1
github.com/pierrec/lz4/v4/internal/lz4block/blocks.go:47.40,48.11 1 1
github.com/pierrec/lz4/v4/internal/lz4block/blocks.go:49.18,50.14 1 1
github.com/pierrec/lz4/v4/internal/lz4block/blocks.go:52.2,52.14 1 1
github.com/pierrec/lz4/v4/internal/lz4block/blocks.go:55.38,56.11 1 1
github.com/pierrec/lz4/v4/internal/lz4block/blocks.go:57.9,58.50 1 1
github.com/pierrec/lz4/v4/internal/lz4block/blocks.go:59.9,60.52 1 1
github.com/pierrec/lz4/v4/internal/lz4block/blocks.go:61.9,62.48 1 1
github.com/pierrec/lz4/v4/internal/lz4block/blocks.go:63.9,64.48 1 1
github.com/pierrec/lz4/v4/internal/lz4block/blocks.go:65.9,66.48 1 1
github.com/pierrec/lz4/v4/internal/lz4block/blocks.go:67.10,68.49 1 1
github.com/pierrec/lz4/v4/internal/lz4block/blocks.go:72.22,74.34 1 1
github.com/pierrec/lz4/v4/internal/lz4block/blocks.go:75.17,76.48 1 1
github.com/pierrec/lz4/v4/internal/lz4block/blocks.go:77.18,78.50 1 1
github.com/pierrec/lz4/v4/internal/lz4block/blocks.go:79.16,80.46 1 1
github.com/pierrec/lz4/v4/internal/lz4block/blocks.go:81.16,82.46 1 1
github.com/pierrec/lz4/v4/internal/lz4block/blocks.go:83.16,84.46 1 1
github.com/pierrec/lz4/v4/internal/lz4block/blocks.go:85.9,85.9 0 0
github.com/pierrec/lz4/v4/internal/lz4block/blocks.go:87.10,88.48 1 1
github.com/pierrec/lz4/v4/internal/lz4stream/block.go:21.58,22.14 1 1
github.com/pierrec/lz4/v4/internal/lz4stream/block.go:22.14,26.3 3 1
github.com/pierrec/lz4/v4/internal/lz4stream/block.go:27.2,28.26 2 1
github.com/pierrec/lz4/v4/internal/lz4stream/block.go:28.26,30.3 1 1
github.com/pierrec/lz4/v4/internal/lz4stream/block.go:32.2,32.12 1 1
github.com/pierrec/lz4/v4/internal/lz4stream/block.go:32.12,34.27 1 1
github.com/pierrec/lz4/v4/internal/lz4stream/block.go:34.27,40.20 2 1
github.com/pierrec/lz4/v4/internal/lz4stream/block.go:40.20,45.5 2 1
github.com/pierrec/lz4/v4/internal/lz4stream/block.go:47.4,47.20 1 0
github.com/pierrec/lz4/v4/internal/lz4stream/block.go:47.20,49.47 1 0
github.com/pierrec/lz4/v4/internal/lz4stream/block.go:49.47,53.6 1 0
github.com/pierrec/lz4/v4/internal/lz4stream/block.go:55.4,55.12 1 0
github.com/pierrec/lz4/v4/internal/lz4stream/block.go:60.49,61.14 1 1
github.com/pierrec/lz4/v4/internal/lz4stream/block.go:61.14,62.21 1 1
github.com/pierrec/lz4/v4/internal/lz4stream/block.go:62.21,64.4 1 1
github.com/pierrec/lz4/v4/internal/lz4stream/block.go:65.3,67.13 3 1
github.com/pierrec/lz4/v4/internal/lz4stream/block.go:69.2,69.21 1 1
github.com/pierrec/lz4/v4/internal/lz4stream/block.go:69.21,73.3 3 0
github.com/pierrec/lz4/v4/internal/lz4stream/block.go:74.2,80.12 7 1
github.com/pierrec/lz4/v4/internal/lz4stream/block.go:84.33,88.2 3 1
github.com/pierrec/lz4/v4/internal/lz4stream/block.go:95.79,97.14 2 1
github.com/pierrec/lz4/v4/internal/lz4stream/block.go:97.14,101.3 3 1
github.com/pierrec/lz4/v4/internal/lz4stream/block.go:102.2,111.12 5 1
github.com/pierrec/lz4/v4/internal/lz4stream/block.go:111.12,114.25 3 1
github.com/pierrec/lz4/v4/internal/lz4stream/block.go:114.25,117.18 3 1
github.com/pierrec/lz4/v4/internal/lz4stream/block.go:117.18,119.10 2 1
github.com/pierrec/lz4/v4/internal/lz4stream/block.go:122.4,122.25 1 1
github.com/pierrec/lz4/v4/internal/lz4stream/block.go:122.25,124.10 2 0
github.com/pierrec/lz4/v4/internal/lz4stream/block.go:126.4,128.14 3 1
github.com/pierrec/lz4/v4/internal/lz4stream/block.go:128.14,131.19 3 1
github.com/pierrec/lz4/v4/internal/lz4stream/block.go:131.19,135.6 2 0
github.com/pierrec/lz4/v4/internal/lz4stream/block.go:135.11,137.6 1 1
github.com/pierrec/lz4/v4/internal/lz4stream/block.go:141.3,145.34 5 1
github.com/pierrec/lz4/v4/internal/lz4stream/block.go:145.34,147.4 1 0
github.com/pierrec/lz4/v4/internal/lz4stream/block.go:148.3,149.14 2 1
github.com/pierrec/lz4/v4/internal/lz4stream/block.go:153.2,153.20 1 1
github.com/pierrec/lz4/v4/internal/lz4stream/block.go:153.20,156.25 3 1
github.com/pierrec/lz4/v4/internal/lz4stream/block.go:156.25,158.11 2 1
github.com/pierrec/lz4/v4/internal/lz4stream/block.go:158.11,162.13 2 0
github.com/pierrec/lz4/v4/internal/lz4stream/block.go:164.4,164.18 1 1
github.com/pierrec/lz4/v4/internal/lz4stream/block.go:164.18,168.5 2 1
github.com/pierrec/lz4/v4/internal/lz4stream/block.go:169.4,169.18 1 1
github.com/pierrec/lz4/v4/internal/lz4stream/block.go:169.18,171.13 1 0
github.com/pierrec/lz4/v4/internal/lz4stream/block.go:174.4,174.44 1 1
github.com/pierrec/lz4/v4/internal/lz4stream/block.go:174.44,176.5 1 1
github.com/pierrec/lz4/v4/internal/lz4stream/block.go:177.4,177.11 1 1
github.com/pierrec/lz4/v4/internal/lz4stream/block.go:177.11,179.5 1 0
github.com/pierrec/lz4/v4/internal/lz4stream/block.go:180.4,181.12 2 1
github.com/pierrec/lz4/v4/internal/lz4stream/block.go:184.2,184.18 1 1
github.com/pierrec/lz4/v4/internal/lz4stream/block.go:188.36,190.18 2 1
github.com/pierrec/lz4/v4/internal/lz4stream/block.go:190.18,192.3 1 1
github.com/pierrec/lz4/v4/internal/lz4stream/block.go:193.2,193.15 1 1
github.com/pierrec/lz4/v4/internal/lz4stream/block.go:196.50,199.2 2 1
github.com/pierrec/lz4/v4/internal/lz4stream/block.go:210.42,214.19 4 1
github.com/pierrec/lz4/v4/internal/lz4stream/block.go:214.19,220.3 4 1
github.com/pierrec/lz4/v4/internal/lz4stream/block.go:224.106,226.18 2 1
github.com/pierrec/lz4/v4/internal/lz4stream/block.go:226.18,228.3 1 1
github.com/pierrec/lz4/v4/internal/lz4stream/block.go:228.8,230.3 1 1
github.com/pierrec/lz4/v4/internal/lz4stream/block.go:231.2,232.15 2 1
github.com/pierrec/lz4/v4/internal/lz4stream/block.go:233.21,234.43 1 1
github.com/pierrec/lz4/v4/internal/lz4stream/block.go:235.10,236.52 1 1
github.com/pierrec/lz4/v4/internal/lz4stream/block.go:238.2,238.12 1 1
github.com/pierrec/lz4/v4/internal/lz4stream/block.go:238.12,241.3 2 1
github.com/pierrec/lz4/v4/internal/lz4stream/block.go:241.8,244.3 2 1
github.com/pierrec/lz4/v4/internal/lz4stream/block.go:245.2,248.40 3 1
github.com/pierrec/lz4/v4/internal/lz4stream/block.go:248.40,250.3 1 1
github.com/pierrec/lz4/v4/internal/lz4stream/block.go:251.2,251.10 1 1
github.com/pierrec/lz4/v4/internal/lz4stream/block.go:254.63,257.42 1 1
github.com/pierrec/lz4/v4/internal/lz4stream/block.go:257.42,259.3 1 1
github.com/pierrec/lz4/v4/internal/lz4stream/block.go:260.2,262.46 3 1
github.com/pierrec/lz4/v4/internal/lz4stream/block.go:262.46,264.3 1 0
github.com/pierrec/lz4/v4/internal/lz4stream/block.go:266.2,266.45 1 1
github.com/pierrec/lz4/v4/internal/lz4stream/block.go:266.45,268.3 1 0
github.com/pierrec/lz4/v4/internal/lz4stream/block.go:270.2,270.21 1 1
github.com/pierrec/lz4/v4/internal/lz4stream/block.go:270.21,272.3 1 1
github.com/pierrec/lz4/v4/internal/lz4stream/block.go:273.2,275.12 3 1
github.com/pierrec/lz4/v4/internal/lz4stream/block.go:279.84,281.16 2 1
github.com/pierrec/lz4/v4/internal/lz4stream/block.go:281.16,283.3 1 0
github.com/pierrec/lz4/v4/internal/lz4stream/block.go:284.2,284.18 1 1
github.com/pierrec/lz4/v4/internal/lz4stream/block.go:284.18,285.12 1 0
github.com/pierrec/lz4/v4/internal/lz4stream/block.go:286.25,288.30 1 0
github.com/pierrec/lz4/v4/internal/lz4stream/block.go:289.12,293.38 1 0
github.com/pierrec/lz4/v4/internal/lz4stream/block.go:295.8,295.19 1 1
github.com/pierrec/lz4/v4/internal/lz4stream/block.go:295.19,298.3 1 1
github.com/pierrec/lz4/v4/internal/lz4stream/block.go:299.2,302.24 3 1
github.com/pierrec/lz4/v4/internal/lz4stream/block.go:302.24,304.3 1 0
github.com/pierrec/lz4/v4/internal/lz4stream/block.go:305.2,306.52 2 1
github.com/pierrec/lz4/v4/internal/lz4stream/block.go:306.52,308.3 1 0
github.com/pierrec/lz4/v4/internal/lz4stream/block.go:309.2,309.40 1 1
github.com/pierrec/lz4/v4/internal/lz4stream/block.go:309.40,311.17 2 1
github.com/pierrec/lz4/v4/internal/lz4stream/block.go:311.17,313.4 1 0
github.com/pierrec/lz4/v4/internal/lz4stream/block.go:314.3,314.19 1 1
github.com/pierrec/lz4/v4/internal/lz4stream/block.go:316.2,316.15 1 1
github.com/pierrec/lz4/v4/internal/lz4stream/block.go:319.91,320.27 1 1
github.com/pierrec/lz4/v4/internal/lz4stream/block.go:320.27,323.3 2 1
github.com/pierrec/lz4/v4/internal/lz4stream/block.go:323.8,325.17 2 1
github.com/pierrec/lz4/v4/internal/lz4stream/block.go:325.17,327.4 1 0
github.com/pierrec/lz4/v4/internal/lz4stream/block.go:328.3,328.16 1 1
github.com/pierrec/lz4/v4/internal/lz4stream/block.go:330.2,330.40 1 1
github.com/pierrec/lz4/v4/internal/lz4stream/block.go:330.40,331.55 1 1
github.com/pierrec/lz4/v4/internal/lz4stream/block.go:331.55,334.4 2 0
github.com/pierrec/lz4/v4/internal/lz4stream/block.go:336.2,336.49 1 1
github.com/pierrec/lz4/v4/internal/lz4stream/block.go:336.49,338.3 1 1
github.com/pierrec/lz4/v4/internal/lz4stream/block.go:339.2,339.17 1 1
github.com/pierrec/lz4/v4/internal/lz4stream/block.go:342.63,343.52 1 1
github.com/pierrec/lz4/v4/internal/lz4stream/block.go:343.52,345.3 1 1
github.com/pierrec/lz4/v4/internal/lz4stream/block.go:346.2,347.8 2 1
github.com/pierrec/lz4/v4/internal/lz4stream/frame.go:22.24,24.2 1 1
github.com/pierrec/lz4/v4/internal/lz4stream/frame.go:37.32,43.2 5 1
github.com/pierrec/lz4/v4/internal/lz4stream/frame.go:45.60,46.12 1 1
github.com/pierrec/lz4/v4/internal/lz4stream/frame.go:46.12,50.3 3 1
github.com/pierrec/lz4/v4/internal/lz4stream/frame.go:50.8,53.3 2 1
github.com/pierrec/lz4/v4/internal/lz4stream/frame.go:54.2,55.20 2 1
github.com/pierrec/lz4/v4/internal/lz4stream/frame.go:58.54,59.47 1 1
github.com/pierrec/lz4/v4/internal/lz4stream/frame.go:59.47,61.3 1 0
github.com/pierrec/lz4/v4/internal/lz4stream/frame.go:62.2,62.18 1 1
github.com/pierrec/lz4/v4/internal/lz4stream/frame.go:62.18,64.3 1 1
github.com/pierrec/lz4/v4/internal/lz4stream/frame.go:65.2,68.42 3 1
github.com/pierrec/lz4/v4/internal/lz4stream/frame.go:68.42,70.3 1 1
github.com/pierrec/lz4/v4/internal/lz4stream/frame.go:71.2,72.12 2 1
github.com/pierrec/lz4/v4/internal/lz4stream/frame.go:75.33,77.2 1 1
github.com/pierrec/lz4/v4/internal/lz4stream/frame.go:79.51,80.17 1 1
github.com/pierrec/lz4/v4/internal/lz4stream/frame.go:80.17,83.3 1 1
github.com/pierrec/lz4/v4/internal/lz4stream/frame.go:86.2,87.50 2 1
github.com/pierrec/lz4/v4/internal/lz4stream/frame.go:87.50,89.3 1 1
github.com/pierrec/lz4/v4/internal/lz4stream/frame.go:90.2,90.23 1 1
github.com/pierrec/lz4/v4/internal/lz4stream/frame.go:91.48,91.48 0 1
github.com/pierrec/lz4/v4/internal/lz4stream/frame.go:93.33,95.17 2 1
github.com/pierrec/lz4/v4/internal/lz4stream/frame.go:95.17,97.4 1 0
github.com/pierrec/lz4/v4/internal/lz4stream/frame.go:98.3,98.67 1 1
github.com/pierrec/lz4/v4/internal/lz4stream/frame.go:98.67,100.4 1 0
github.com/pierrec/lz4/v4/internal/lz4stream/frame.go:101.3,101.16 1 1
github.com/pierrec/lz4/v4/internal/lz4stream/frame.go:102.10,103.35 1 1
github.com/pierrec/lz4/v4/internal/lz4stream/frame.go:105.2,105.51 1 1
github.com/pierrec/lz4/v4/internal/lz4stream/frame.go:105.51,107.3 1 1
github.com/pierrec/lz4/v4/internal/lz4stream/frame.go:108.2,109.12 2 1
github.com/pierrec/lz4/v4/internal/lz4stream/frame.go:112.68,114.2 1 1
github.com/pierrec/lz4/v4/internal/lz4stream/frame.go:116.51,117.18 1 1
github.com/pierrec/lz4/v4/internal/lz4stream/frame.go:117.18,119.3 1 1
github.com/pierrec/lz4/v4/internal/lz4stream/frame.go:120.2,120.43 1 1
github.com/pierrec/lz4/v4/internal/lz4stream/frame.go:120.43,122.3 1 1
github.com/pierrec/lz4/v4/internal/lz4stream/frame.go:123.2,123.53 1 1
github.com/pierrec/lz4/v4/internal/lz4stream/frame.go:123.53,125.3 1 0
github.com/pierrec/lz4/v4/internal/lz4stream/frame.go:126.2,126.46 1 1
github.com/pierrec/lz4/v4/internal/lz4stream/frame.go:126.46,128.3 1 1
github.com/pierrec/lz4/v4/internal/lz4stream/frame.go:129.2,129.12 1 1
github.com/pierrec/lz4/v4/internal/lz4stream/frame.go:138.36,141.2 2 1
github.com/pierrec/lz4/v4/internal/lz4stream/frame.go:143.65,144.21 1 1
github.com/pierrec/lz4/v4/internal/lz4stream/frame.go:144.21,147.3 1 1
github.com/pierrec/lz4/v4/internal/lz4stream/frame.go:149.2,152.19 3 1
github.com/pierrec/lz4/v4/internal/lz4stream/frame.go:152.19,156.22 3 1
github.com/pierrec/lz4/v4/internal/lz4stream/frame.go:156.22,159.4 2 1
github.com/pierrec/lz4/v4/internal/lz4stream/frame.go:160.3,161.33 2 1
github.com/pierrec/lz4/v4/internal/lz4stream/frame.go:164.2,165.12 2 1
github.com/pierrec/lz4/v4/internal/lz4stream/frame.go:168.65,169.18 1 1
github.com/pierrec/lz4/v4/internal/lz4stream/frame.go:169.18,173.3 3 0
github.com/pierrec/lz4/v4/internal/lz4stream/frame.go:175.2,176.49 2 1
github.com/pierrec/lz4/v4/internal/lz4stream/frame.go:176.49,178.3 1 0
github.com/pierrec/lz4/v4/internal/lz4stream/frame.go:179.2,181.21 3 1
github.com/pierrec/lz4/v4/internal/lz4stream/frame.go:181.21,184.54 2 1
github.com/pierrec/lz4/v4/internal/lz4stream/frame.go:184.54,186.4 1 0
github.com/pierrec/lz4/v4/internal/lz4stream/frame.go:187.3,187.55 1 1
github.com/pierrec/lz4/v4/internal/lz4stream/frame.go:189.2,191.52 3 1
github.com/pierrec/lz4/v4/internal/lz4stream/frame.go:191.52,193.3 1 1
github.com/pierrec/lz4/v4/internal/lz4stream/frame.go:195.2,195.54 1 1
github.com/pierrec/lz4/v4/internal/lz4stream/frame.go:195.54,197.3 1 1
github.com/pierrec/lz4/v4/internal/lz4stream/frame.go:198.2,198.12 1 1
github.com/pierrec/lz4/v4/internal/lz4stream/frame.go:201.42,203.2 1 1
github.com/pierrec/lz4/v4/internal/lz4stream/frame_gen.go:22.51,22.73 1 1
github.com/pierrec/lz4/v4/internal/lz4stream/frame_gen.go:23.51,23.73 1 1
github.com/pierrec/lz4/v4/internal/lz4stream/frame_gen.go:24.51,24.73 1 1
github.com/pierrec/lz4/v4/internal/lz4stream/frame_gen.go:25.51,25.73 1 1
github.com/pierrec/lz4/v4/internal/lz4stream/frame_gen.go:26.51,26.82 1 1
github.com/pierrec/lz4/v4/internal/lz4stream/frame_gen.go:27.67,29.2 1 1
github.com/pierrec/lz4/v4/internal/lz4stream/frame_gen.go:32.71,34.7 2 1
github.com/pierrec/lz4/v4/internal/lz4stream/frame_gen.go:34.7,36.3 1 1
github.com/pierrec/lz4/v4/internal/lz4stream/frame_gen.go:36.8,38.3 1 1
github.com/pierrec/lz4/v4/internal/lz4stream/frame_gen.go:39.2,39.10 1 1
github.com/pierrec/lz4/v4/internal/lz4stream/frame_gen.go:41.60,43.7 2 1
github.com/pierrec/lz4/v4/internal/lz4stream/frame_gen.go:43.7,45.3 1 1
github.com/pierrec/lz4/v4/internal/lz4stream/frame_gen.go:45.8,47.3 1 0
github.com/pierrec/lz4/v4/internal/lz4stream/frame_gen.go:48.2,48.10 1 1
github.com/pierrec/lz4/v4/internal/lz4stream/frame_gen.go:50.69,52.7 2 1
github.com/pierrec/lz4/v4/internal/lz4stream/frame_gen.go:52.7,54.3 1 1
github.com/pierrec/lz4/v4/internal/lz4stream/frame_gen.go:54.8,56.3 1 0
github.com/pierrec/lz4/v4/internal/lz4stream/frame_gen.go:57.2,57.10 1 1
github.com/pierrec/lz4/v4/internal/lz4stream/frame_gen.go:59.73,61.7 2 1
github.com/pierrec/lz4/v4/internal/lz4stream/frame_gen.go:61.7,63.3 1 1
github.com/pierrec/lz4/v4/internal/lz4stream/frame_gen.go:63.8,65.3 1 0
github.com/pierrec/lz4/v4/internal/lz4stream/frame_gen.go:66.2,66.10 1 1
github.com/pierrec/lz4/v4/internal/lz4stream/frame_gen.go:68.65,71.2 2 1
github.com/pierrec/lz4/v4/internal/lz4stream/frame_gen.go:72.89,75.2 2 1
github.com/pierrec/lz4/v4/internal/lz4stream/frame_gen.go:87.44,87.74 1 1
github.com/pierrec/lz4/v4/internal/lz4stream/frame_gen.go:88.44,88.67 1 1
github.com/pierrec/lz4/v4/internal/lz4stream/frame_gen.go:91.55,94.2 2 1
github.com/pierrec/lz4/v4/internal/lz4stream/frame_gen.go:95.64,97.7 2 1
github.com/pierrec/lz4/v4/internal/lz4stream/frame_gen.go:97.7,99.3 1 1
github.com/pierrec/lz4/v4/internal/lz4stream/frame_gen.go:99.8,101.3 1 1
github.com/pierrec/lz4/v4/internal/lz4stream/frame_gen.go:102.2,102.10 1 1
github.com/pierrec/lz4/v4/internal/lz4errors/errors.go:5.31,5.51 1 0
github.com/pierrec/lz4/v4/compressing_reader.go:35.65,44.2 4 1
github.com/pierrec/lz4/v4/compressing_reader.go:47.54,49.2 1 1
github.com/pierrec/lz4/v4/compressing_reader.go:54.45,56.2 1 1
github.com/pierrec/lz4/v4/compressing_reader.go:59.68,60.33 1 1
github.com/pierrec/lz4/v4/compressing_reader.go:60.33,62.3 1 0
github.com/pierrec/lz4/v4/compressing_reader.go:64.2,66.28 2 1
github.com/pierrec/lz4/v4/compressing_reader.go:66.28,67.31 1 1
github.com/pierrec/lz4/v4/compressing_reader.go:67.31,69.4 1 1
github.com/pierrec/lz4/v4/compressing_reader.go:71.2,71.8 1 1
github.com/pierrec/lz4/v4/compressing_reader.go:74.38,74.39 0 0
github.com/pierrec/lz4/v4/compressing_reader.go:76.44,81.2 4 1
github.com/pierrec/lz4/v4/compressing_reader.go:84.65,85.15 1 1
github.com/pierrec/lz4/v4/compressing_reader.go:85.15,86.17 1 1
github.com/pierrec/lz4/v4/compressing_reader.go:86.17,88.4 1 1
github.com/pierrec/lz4/v4/compressing_reader.go:91.2,91.23 1 1
github.com/pierrec/lz4/v4/compressing_reader.go:91.23,93.3 1 1
github.com/pierrec/lz4/v4/compressing_reader.go:95.2,95.19 1 1
github.com/pierrec/lz4/v4/compressing_reader.go:96.22,98.17 2 1
github.com/pierrec/lz4/v4/compressing_reader.go:98.17,100.4 1 0
github.com/pierrec/lz4/v4/compressing_reader.go:101.3,101.29 1 1
github.com/pierrec/lz4/v4/compressing_reader.go:102.19,103.46 1 0
github.com/pierrec/lz4/v4/compressing_reader.go:104.23,105.26 1 1
github.com/pierrec/lz4/v4/compressing_reader.go:105.26,110.4 4 1
github.com/pierrec/lz4/v4/compressing_reader.go:110.9,113.4 2 1
github.com/pierrec/lz4/v4/compressing_reader.go:116.2,116.34 1 1
github.com/pierrec/lz4/v4/compressing_reader.go:116.34,121.14 4 1
github.com/pierrec/lz4/v4/compressing_reader.go:122.12,127.18 3 0
github.com/pierrec/lz4/v4/compressing_reader.go:127.18,129.5 1 0
github.com/pierrec/lz4/v4/compressing_reader.go:131.4,131.44 1 0
github.com/pierrec/lz4/v4/compressing_reader.go:131.44,136.5 4 0
github.com/pierrec/lz4/v4/compressing_reader.go:137.36,138.18 1 1
github.com/pierrec/lz4/v4/compressing_reader.go:138.18,143.19 3 1
github.com/pierrec/lz4/v4/compressing_reader.go:143.19,145.6 1 0
github.com/pierrec/lz4/v4/compressing_reader.go:148.4,149.18 2 1
github.com/pierrec/lz4/v4/compressing_reader.go:149.18,151.5 1 0
github.com/pierrec/lz4/v4/compressing_reader.go:152.4,157.10 5 1
github.com/pierrec/lz4/v4/compressing_reader.go:158.11,159.10 1 0
github.com/pierrec/lz4/v4/compressing_reader.go:163.2,164.8 2 0
github.com/pierrec/lz4/v4/compressing_reader.go:169.56,174.2 4 1
github.com/pierrec/lz4/v4/compressing_reader.go:183.56,187.20 3 1
github.com/pierrec/lz4/v4/compressing_reader.go:187.20,189.3 1 1
github.com/pierrec/lz4/v4/compressing_reader.go:191.2,191.20 1 1
github.com/pierrec/lz4/v4/compressing_reader.go:194.44,197.23 2 1
github.com/pierrec/lz4/v4/compressing_reader.go:197.23,200.3 2 1
github.com/pierrec/lz4/v4/compressing_reader.go:202.2,202.15 1 1
github.com/pierrec/lz4/v4/compressing_reader.go:202.15,207.3 4 1
github.com/pierrec/lz4/v4/compressing_reader.go:207.8,207.25 1 1
github.com/pierrec/lz4/v4/compressing_reader.go:207.25,211.3 3 0
github.com/pierrec/lz4/v4/compressing_reader.go:213.2,214.13 2 1
github.com/pierrec/lz4/v4/compressing_reader.go:217.29,222.2 4 1
github.com/pierrec/lz4/v4/lz4.go:27.36,29.2 1 1
github.com/pierrec/lz4/v4/lz4.go:37.52,39.2 1 1
github.com/pierrec/lz4/v4/lz4.go:47.66,49.2 1 1
github.com/pierrec/lz4/v4/lz4.go:70.66,72.2 1 1
github.com/pierrec/lz4/v4/lz4.go:92.59,94.2 1 1
github.com/pierrec/lz4/v4/lz4.go:121.68,123.2 1 1
github.com/pierrec/lz4/v4/lz4.go:129.88,131.2 1 1
github.com/pierrec/lz4/v4/options.go:24.33,26.2 1 1
github.com/pierrec/lz4/v4/options.go:47.45,48.31 1 1
github.com/pierrec/lz4/v4/options.go:48.31,49.24 1 1
github.com/pierrec/lz4/v4/options.go:50.12,52.29 2 1
github.com/pierrec/lz4/v4/options.go:53.16,55.31 2 1
github.com/pierrec/lz4/v4/options.go:55.31,57.5 1 1
github.com/pierrec/lz4/v4/options.go:58.4,59.14 2 1
github.com/pierrec/lz4/v4/options.go:60.27,62.31 2 1
github.com/pierrec/lz4/v4/options.go:62.31,64.5 1 1
github.com/pierrec/lz4/v4/options.go:65.4,66.14 2 1
github.com/pierrec/lz4/v4/options.go:68.3,68.42 1 0
github.com/pierrec/lz4/v4/options.go:73.44,74.31 1 1
github.com/pierrec/lz4/v4/options.go:74.31,75.24 1 1
github.com/pierrec/lz4/v4/options.go:76.12,78.29 2 1
github.com/pierrec/lz4/v4/options.go:79.16,81.14 2 1
github.com/pierrec/lz4/v4/options.go:82.27,84.14 2 1
github.com/pierrec/lz4/v4/options.go:86.3,86.42 1 0
github.com/pierrec/lz4/v4/options.go:91.39,92.31 1 1
github.com/pierrec/lz4/v4/options.go:92.31,93.24 1 1
github.com/pierrec/lz4/v4/options.go:94.12,96.29 2 1
github.com/pierrec/lz4/v4/options.go:97.16,99.14 2 1
github.com/pierrec/lz4/v4/options.go:100.27,102.14 2 1
github.com/pierrec/lz4/v4/options.go:104.3,104.42 1 0
github.com/pierrec/lz4/v4/options.go:110.37,111.31 1 1
github.com/pierrec/lz4/v4/options.go:111.31,112.24 1 1
github.com/pierrec/lz4/v4/options.go:113.12,115.29 2 1
github.com/pierrec/lz4/v4/options.go:116.16,119.14 3 1
github.com/pierrec/lz4/v4/options.go:120.27,123.14 3 1
github.com/pierrec/lz4/v4/options.go:125.3,125.42 1 1
github.com/pierrec/lz4/v4/options.go:131.38,132.12 1 1
github.com/pierrec/lz4/v4/options.go:132.12,134.3 1 1
github.com/pierrec/lz4/v4/options.go:135.2,135.31 1 1
github.com/pierrec/lz4/v4/options.go:135.31,136.25 1 1
github.com/pierrec/lz4/v4/options.go:137.12,139.29 2 1
github.com/pierrec/lz4/v4/options.go:140.16,142.14 2 1
github.com/pierrec/lz4/v4/options.go:143.16,145.14 2 1
github.com/pierrec/lz4/v4/options.go:147.3,147.42 1 0
github.com/pierrec/lz4/v4/options.go:168.60,169.31 1 1
github.com/pierrec/lz4/v4/options.go:169.31,170.24 1 1
github.com/pierrec/lz4/v4/options.go:171.12,173.29 2 0
github.com/pierrec/lz4/v4/options.go:174.16,175.17 1 1
github.com/pierrec/lz4/v4/options.go:176.86,176.86 0 1
github.com/pierrec/lz4/v4/options.go:177.12,178.83 1 1
github.com/pierrec/lz4/v4/options.go:180.4,181.14 2 1
github.com/pierrec/lz4/v4/options.go:182.27,183.17 1 1
github.com/pierrec/lz4/v4/options.go:184.86,184.86 0 1
github.com/pierrec/lz4/v4/options.go:185.12,186.83 1 1
github.com/pierrec/lz4/v4/options.go:188.4,189.14 2 1
github.com/pierrec/lz4/v4/options.go:191.3,191.42 1 0
github.com/pierrec/lz4/v4/options.go:195.24,195.25 0 1
github.com/pierrec/lz4/v4/options.go:199.55,200.20 1 1
github.com/pierrec/lz4/v4/options.go:200.20,202.3 1 1
github.com/pierrec/lz4/v4/options.go:203.2,203.31 1 1
github.com/pierrec/lz4/v4/options.go:203.31,204.25 1 1
github.com/pierrec/lz4/v4/options.go:205.12,207.29 2 0
github.com/pierrec/lz4/v4/options.go:208.16,210.14 2 1
github.com/pierrec/lz4/v4/options.go:211.16,213.14 2 1
github.com/pierrec/lz4/v4/options.go:214.27,216.14 2 1
github.com/pierrec/lz4/v4/options.go:218.3,218.42 1 0
github.com/pierrec/lz4/v4/options.go:230.39,231.31 1 1
github.com/pierrec/lz4/v4/options.go:231.31,232.25 1 1
github.com/pierrec/lz4/v4/options.go:233.12,235.29 2 1
github.com/pierrec/lz4/v4/options.go:236.16,238.14 2 1
github.com/pierrec/lz4/v4/options.go:240.3,240.42 1 1
github.com/pierrec/lz4/v4/options_gen.go:24.36,25.9 1 1
github.com/pierrec/lz4/v4/options_gen.go:26.18,27.27 1 0
github.com/pierrec/lz4/v4/options_gen.go:28.19,29.27 1 0
github.com/pierrec/lz4/v4/options_gen.go:30.20,31.27 1 0
github.com/pierrec/lz4/v4/options_gen.go:32.20,33.27 1 1
github.com/pierrec/lz4/v4/options_gen.go:34.10,35.62 1 0
github.com/pierrec/lz4/v4/options_gen.go:67.43,68.9 1 0
github.com/pierrec/lz4/v4/options_gen.go:69.14,70.34 1 0
github.com/pierrec/lz4/v4/options_gen.go:71.16,72.34 1 0
github.com/pierrec/lz4/v4/options_gen.go:73.17,74.34 1 0
github.com/pierrec/lz4/v4/options_gen.go:75.17,76.34 1 0
github.com/pierrec/lz4/v4/options_gen.go:77.17,78.34 1 0
github.com/pierrec/lz4/v4/options_gen.go:79.17,80.34 1 0
github.com/pierrec/lz4/v4/options_gen.go:81.18,82.34 1 0
github.com/pierrec/lz4/v4/options_gen.go:83.18,84.34 1 0
github.com/pierrec/lz4/v4/options_gen.go:85.18,86.34 1 0
github.com/pierrec/lz4/v4/options_gen.go:87.19,88.34 1 0
github.com/pierrec/lz4/v4/options_gen.go:89.10,90.69 1 0
github.com/pierrec/lz4/v4/reader.go:21.37,23.2 1 1
github.com/pierrec/lz4/v4/reader.go:25.50,31.2 5 1
github.com/pierrec/lz4/v4/reader.go:47.27,47.28 0 0
github.com/pierrec/lz4/v4/reader.go:49.55,51.23 2 1
github.com/pierrec/lz4/v4/reader.go:52.16,52.16 0 1
github.com/pierrec/lz4/v4/reader.go:53.18,54.21 1 0
github.com/pierrec/lz4/v4/reader.go:55.10,56.42 1 0
github.com/pierrec/lz4/v4/reader.go:58.2,58.28 1 1
github.com/pierrec/lz4/v4/reader.go:58.28,59.29 1 1
github.com/pierrec/lz4/v4/reader.go:59.29,61.4 1 1
github.com/pierrec/lz4/v4/reader.go:63.2,63.8 1 1
github.com/pierrec/lz4/v4/reader.go:67.29,68.23 1 1
github.com/pierrec/lz4/v4/reader.go:69.30,70.38 1 1
github.com/pierrec/lz4/v4/reader.go:70.38,72.4 1 1
github.com/pierrec/lz4/v4/reader.go:74.2,74.10 1 1
github.com/pierrec/lz4/v4/reader.go:77.41,79.2 1 1
github.com/pierrec/lz4/v4/reader.go:81.31,83.16 2 1
github.com/pierrec/lz4/v4/reader.go:83.16,85.3 1 1
github.com/pierrec/lz4/v4/reader.go:86.2,86.51 1 1
github.com/pierrec/lz4/v4/reader.go:86.51,90.3 1 1
github.com/pierrec/lz4/v4/reader.go:91.2,92.16 2 1
github.com/pierrec/lz4/v4/reader.go:92.16,94.3 1 0
github.com/pierrec/lz4/v4/reader.go:95.2,100.12 6 1
github.com/pierrec/lz4/v4/reader.go:103.54,105.23 2 1
github.com/pierrec/lz4/v4/reader.go:106.17,106.17 0 1
github.com/pierrec/lz4/v4/reader.go:107.31,108.24 1 0
github.com/pierrec/lz4/v4/reader.go:109.16,111.40 1 1
github.com/pierrec/lz4/v4/reader.go:111.40,113.4 1 0
github.com/pierrec/lz4/v4/reader.go:114.10,115.27 1 0
github.com/pierrec/lz4/v4/reader.go:117.2,117.19 1 1
github.com/pierrec/lz4/v4/reader.go:117.19,119.17 2 1
github.com/pierrec/lz4/v4/reader.go:119.17,120.3 1 1
github.com/pierrec/lz4/v4/reader.go:121.4,121.27 1 1
github.com/pierrec/lz4/v4/reader.go:121.27,123.5 1 1
github.com/pierrec/lz4/v4/reader.go:123.10,126.25 3 1
github.com/pierrec/lz4/v4/reader.go:126.25,129.6 1 1
github.com/pierrec/lz4/v4/reader.go:131.4,131.15 1 1
github.com/pierrec/lz4/v4/reader.go:132.13,132.13 0 1
github.com/pierrec/lz4/v4/reader.go:133.34,137.19 2 1
github.com/pierrec/lz4/v4/reader.go:137.19,139.6 1 0
github.com/pierrec/lz4/v4/reader.go:142.5,143.42 2 1
github.com/pierrec/lz4/v4/reader.go:143.42,145.6 1 1
github.com/pierrec/lz4/v4/reader.go:147.5,147.14 1 1
github.com/pierrec/lz4/v4/reader.go:148.16,149.47 1 0
github.com/pierrec/lz4/v4/reader.go:149.47,151.6 1 0
github.com/pierrec/lz4/v4/reader.go:152.5,156.11 4 0
github.com/pierrec/lz4/v4/reader.go:157.12,158.11 1 1
github.com/pierrec/lz4/v4/reader.go:161.3,161.14 1 1
github.com/pierrec/lz4/v4/reader.go:161.14,165.28 3 1
github.com/pierrec/lz4/v4/reader.go:165.28,168.5 1 1
github.com/pierrec/lz4/v4/reader.go:170.3,172.16 3 1
github.com/pierrec/lz4/v4/reader.go:174.2,174.8 1 1
github.com/pierrec/lz4/v4/reader.go:181.48,184.16 3 1
github.com/pierrec/lz4/v4/reader.go:184.16,186.3 1 1
github.com/pierrec/lz4/v4/reader.go:187.2,189.26 3 1
github.com/pierrec/lz4/v4/reader.go:189.26,193.3 2 1
github.com/pierrec/lz4/v4/reader.go:194.2,195.16 2 1
github.com/pierrec/lz4/v4/reader.go:195.16,197.3 1 0
github.com/pierrec/lz4/v4/reader.go:198.2,198.51 1 1
github.com/pierrec/lz4/v4/reader.go:198.51,199.38 1 1
github.com/pierrec/lz4/v4/reader.go:199.38,201.24 2 1
github.com/pierrec/lz4/v4/reader.go:201.24,203.5 1 1
github.com/pierrec/lz4/v4/reader.go:204.4,204.46 1 1
github.com/pierrec/lz4/v4/reader.go:206.3,206.34 1 1
github.com/pierrec/lz4/v4/reader.go:208.2,209.12 2 1
github.com/pierrec/lz4/v4/reader.go:209.12,212.3 2 1
github.com/pierrec/lz4/v4/reader.go:213.2,214.15 2 1
github.com/pierrec/lz4/v4/reader.go:220.42,227.2 6 1
github.com/pierrec/lz4/v4/reader.go:230.60,231.23 1 1
github.com/pierrec/lz4/v4/reader.go:232.17,232.17 0 1
github.com/pierrec/lz4/v4/reader.go:233.31,234.24 1 0
github.com/pierrec/lz4/v4/reader.go:235.16,236.40 1 1
github.com/pierrec/lz4/v4/reader.go:236.40,238.4 1 0
github.com/pierrec/lz4/v4/reader.go:239.10,240.27 1 0
github.com/pierrec/lz4/v4/reader.go:242.2,245.25 3 1
github.com/pierrec/lz4/v4/reader.go:245.25,249.3 3 1
github.com/pierrec/lz4/v4/reader.go:250.2,250.6 1 1
github.com/pierrec/lz4/v4/reader.go:250.6,253.2 3 1
github.com/pierrec/lz4/v4/reader.go:254.3,254.26 1 1
github.com/pierrec/lz4/v4/reader.go:254.26,257.4 2 1
github.com/pierrec/lz4/v4/reader.go:257.9,261.15 4 1
github.com/pierrec/lz4/v4/reader.go:261.15,264.5 1 1
github.com/pierrec/lz4/v4/reader.go:266.3,266.14 1 1
github.com/pierrec/lz4/v4/reader.go:267.12,267.12 0 1
github.com/pierrec/lz4/v4/reader.go:268.33,271.18 2 1
github.com/pierrec/lz4/v4/reader.go:271.18,273.5 1 0
github.com/pierrec/lz4/v4/reader.go:275.4,276.41 2 1
github.com/pierrec/lz4/v4/reader.go:276.41,277.22 1 1
github.com/pierrec/lz4/v4/reader.go:277.22,279.6 1 1
github.com/pierrec/lz4/v4/reader.go:280.5,280.11 1 1
github.com/pierrec/lz4/v4/reader.go:282.4,282.13 1 0
github.com/pierrec/lz4/v4/reader.go:283.15,285.10 2 1
github.com/pierrec/lz4/v4/reader.go:286.11,287.10 1 0
github.com/pierrec/lz4/v4/reader.go:289.3,292.17 4 1
github.com/pierrec/lz4/v4/reader.go:292.17,294.4 1 1
github.com/pierrec/lz4/v4/reader.go:299.48,302.16 3 1
github.com/pierrec/lz4/v4/reader.go:302.16,304.3 1 1
github.com/pierrec/lz4/v4/reader.go:305.2,305.38 1 1
github.com/pierrec/lz4/v4/reader.go:305.38,307.3 1 1
github.com/pierrec/lz4/v4/reader.go:308.2,308.19 1 0
github.com/pierrec/lz4/v4/state.go:31.40,34.2 2 1
github.com/pierrec/lz4/v4/state.go:36.26,39.2 2 1
github.com/pierrec/lz4/v4/state.go:43.39,44.16 1 1
github.com/pierrec/lz4/v4/state.go:44.16,45.29 1 1
github.com/pierrec/lz4/v4/state.go:45.29,47.4 1 1
github.com/pierrec/lz4/v4/state.go:47.9,49.4 1 1
github.com/pierrec/lz4/v4/state.go:50.3,51.14 2 1
github.com/pierrec/lz4/v4/state.go:53.2,54.14 2 1
github.com/pierrec/lz4/v4/state.go:58.42,60.2 1 1
github.com/pierrec/lz4/v4/state.go:63.37,64.42 1 1
github.com/pierrec/lz4/v4/state.go:64.42,66.3 1 1
github.com/pierrec/lz4/v4/state.go:67.2,67.30 1 1
github.com/pierrec/lz4/v4/state.go:67.30,68.29 1 1
github.com/pierrec/lz4/v4/state.go:68.29,70.4 1 0
github.com/pierrec/lz4/v4/state.go:70.9,72.4 1 1
github.com/pierrec/lz4/v4/state.go:73.3,73.23 1 1
github.com/pierrec/lz4/v4/state.go:77.31,81.2 3 0
github.com/pierrec/lz4/v4/state_gen.go:23.33,24.39 1 1
github.com/pierrec/lz4/v4/state_gen.go:24.39,26.3 1 0
github.com/pierrec/lz4/v4/state_gen.go:27.2,27.58 1 1
github.com/pierrec/lz4/v4/writer.go:20.37,26.2 5 1
github.com/pierrec/lz4/v4/writer.go:41.27,41.28 0 0
github.com/pierrec/lz4/v4/writer.go:43.55,45.23 2 1
github.com/pierrec/lz4/v4/writer.go:46.16,46.16 0 1
github.com/pierrec/lz4/v4/writer.go:47.18,48.21 1 0
github.com/pierrec/lz4/v4/writer.go:49.10,50.42 1 0
github.com/pierrec/lz4/v4/writer.go:52.2,53.28 2 1
github.com/pierrec/lz4/v4/writer.go:53.28,54.29 1 1
github.com/pierrec/lz4/v4/writer.go:54.29,56.4 1 1
github.com/pierrec/lz4/v4/writer.go:58.2,58.8 1 1
github.com/pierrec/lz4/v4/writer.go:61.41,63.2 1 1
github.com/pierrec/lz4/v4/writer.go:66.31,72.2 5 1
github.com/pierrec/lz4/v4/writer.go:74.55,76.23 2 1
github.com/pierrec/lz4/v4/writer.go:77.18,77.18 0 1
github.com/pierrec/lz4/v4/writer.go:78.31,79.24 1 0
github.com/pierrec/lz4/v4/writer.go:80.16,81.40 1 1
github.com/pierrec/lz4/v4/writer.go:81.40,83.4 1 0
github.com/pierrec/lz4/v4/writer.go:84.10,85.27 1 0
github.com/pierrec/lz4/v4/writer.go:88.2,89.19 2 1
github.com/pierrec/lz4/v4/writer.go:89.19,90.58 1 1
github.com/pierrec/lz4/v4/writer.go:90.58,92.50 1 1
github.com/pierrec/lz4/v4/writer.go:92.50,94.5 1 0
github.com/pierrec/lz4/v4/writer.go:95.4,97.12 3 1
github.com/pierrec/lz4/v4/writer.go:100.3,105.26 5 1
github.com/pierrec/lz4/v4/writer.go:105.26,108.4 1 1
github.com/pierrec/lz4/v4/writer.go:111.3,111.46 1 1
github.com/pierrec/lz4/v4/writer.go:111.46,113.4 1 0
github.com/pierrec/lz4/v4/writer.go:114.3,114.27 1 1
github.com/pierrec/lz4/v4/writer.go:114.27,117.4 2 1
github.com/pierrec/lz4/v4/writer.go:118.3,118.12 1 1
github.com/pierrec/lz4/v4/writer.go:120.2,120.8 1 1
github.com/pierrec/lz4/v4/writer.go:123.54,124.25 1 1
github.com/pierrec/lz4/v4/writer.go:124.25,129.3 4 1
github.com/pierrec/lz4/v4/writer.go:130.2,132.68 3 1
github.com/pierrec/lz4/v4/writer.go:132.68,138.11 6 1
github.com/pierrec/lz4/v4/writer.go:138.11,141.4 1 1
github.com/pierrec/lz4/v4/writer.go:144.2,144.12 1 1
github.com/pierrec/lz4/v4/writer.go:148.38,149.23 1 1
github.com/pierrec/lz4/v4/writer.go:150.18,150.18 0 1
github.com/pierrec/lz4/v4/writer.go:151.18,152.21 1 0
github.com/pierrec/lz4/v4/writer.go:153.16,154.40 1 1
github.com/pierrec/lz4/v4/writer.go:154.40,156.4 1 0
github.com/pierrec/lz4/v4/writer.go:157.10,158.13 1 0
github.com/pierrec/lz4/v4/writer.go:161.2,161.15 1 1
github.com/pierrec/lz4/v4/writer.go:161.15,163.55 1 1
github.com/pierrec/lz4/v4/writer.go:163.55,165.4 1 0
github.com/pierrec/lz4/v4/writer.go:166.3,166.12 1 1
github.com/pierrec/lz4/v4/writer.go:168.2,168.12 1 1
github.com/pierrec/lz4/v4/writer.go:173.32,174.34 1 1
github.com/pierrec/lz4/v4/writer.go:174.34,176.3 1 0
github.com/pierrec/lz4/v4/writer.go:177.2,181.12 4 1
github.com/pierrec/lz4/v4/writer.go:190.42,196.2 5 1
github.com/pierrec/lz4/v4/writer.go:199.61,200.23 1 1
github.com/pierrec/lz4/v4/writer.go:201.31,202.24 1 0
github.com/pierrec/lz4/v4/writer.go:203.16,204.40 1 1
github.com/pierrec/lz4/v4/writer.go:204.40,206.4 1 0
github.com/pierrec/lz4/v4/writer.go:207.10,208.27 1 0
github.com/pierrec/lz4/v4/writer.go:210.2,216.25 6 1
github.com/pierrec/lz4/v4/writer.go:216.25,219.3 1 1
github.com/pierrec/lz4/v4/writer.go:220.2,220.12 1 1
github.com/pierrec/lz4/v4/writer.go:220.12,222.14 2 1
github.com/pierrec/lz4/v4/writer.go:223.12,223.12 0 1
github.com/pierrec/lz4/v4/writer.go:224.36,225.15 1 1
github.com/pierrec/lz4/v4/writer.go:226.11,227.10 1 0
github.com/pierrec/lz4/v4/writer.go:229.3,230.13 2 1
github.com/pierrec/lz4/v4/writer.go:230.13,232.18 2 1
github.com/pierrec/lz4/v4/writer.go:232.18,234.5 1 0
github.com/pierrec/lz4/v4/writer.go:235.4,235.17 1 1
github.com/pierrec/lz4/v4/writer.go:237.3,237.36 1 1
github.com/pierrec/lz4/v4/writer.go:237.36,241.4 1 0
github.com/pierrec/lz4/v4/writer.go:243.2,243.8 1 1
